{"C:\\Users\\Daniel\\Desktop\\Aprofunda\\Eduarda\\dist\\core\\entities\\User.js": {"path":"C:\\Users\\Daniel\\Desktop\\Aprofunda\\Eduarda\\dist\\core\\entities\\User.js","statementMap":{"0":{"start":{"line":2,"column":0},"end":{"line":2,"column":62}},"1":{"start":{"line":3,"column":0},"end":{"line":3,"column":22}},"2":{"start":{"line":6,"column":8},"end":{"line":6,"column":25}},"3":{"start":{"line":7,"column":8},"end":{"line":7,"column":27}},"4":{"start":{"line":8,"column":8},"end":{"line":8,"column":27}},"5":{"start":{"line":9,"column":8},"end":{"line":9,"column":33}},"6":{"start":{"line":10,"column":8},"end":{"line":10,"column":21}},"7":{"start":{"line":13,"column":0},"end":{"line":13,"column":20}}},"fnMap":{"0":{"name":"(anonymous_0)","decl":{"start":{"line":5,"column":4},"end":{"line":5,"column":5}},"loc":{"start":{"line":5,"column":50},"end":{"line":11,"column":5}},"line":5}},"branchMap":{},"s":{"0":1,"1":1,"2":1,"3":1,"4":1,"5":1,"6":1,"7":1},"f":{"0":1},"b":{},"inputSourceMap":null,"_coverageSchema":"1a1c01bbd47fc00a2c39e90264f33305004495a9","hash":"44b5870f1a01df9110b76d9daa53a11b8dd0388c"}
,"C:\\Users\\Daniel\\Desktop\\Aprofunda\\Eduarda\\dist\\core\\usecases\\CreateUser.js": {"path":"C:\\Users\\Daniel\\Desktop\\Aprofunda\\Eduarda\\dist\\core\\usecases\\CreateUser.js","statementMap":{"0":{"start":{"line":2,"column":0},"end":{"line":2,"column":62}},"1":{"start":{"line":3,"column":0},"end":{"line":3,"column":28}},"2":{"start":{"line":4,"column":17},"end":{"line":4,"column":34}},"3":{"start":{"line":5,"column":15},"end":{"line":5,"column":42}},"4":{"start":{"line":8,"column":8},"end":{"line":8,"column":109}},"5":{"start":{"line":11,"column":0},"end":{"line":11,"column":32}}},"fnMap":{"0":{"name":"(anonymous_0)","decl":{"start":{"line":7,"column":4},"end":{"line":7,"column":5}},"loc":{"start":{"line":7,"column":18},"end":{"line":9,"column":5}},"line":7}},"branchMap":{},"s":{"0":1,"1":1,"2":1,"3":1,"4":1,"5":1},"f":{"0":1},"b":{},"inputSourceMap":null,"_coverageSchema":"1a1c01bbd47fc00a2c39e90264f33305004495a9","hash":"46aaee8574826ba29b6fda3782d8dc33b2d3ddac"}
,"C:\\Users\\Daniel\\Desktop\\Aprofunda\\Eduarda\\src\\core\\entities\\User.ts": {"path":"C:\\Users\\Daniel\\Desktop\\Aprofunda\\Eduarda\\src\\core\\entities\\User.ts","statementMap":{"0":{"start":{"line":6,"column":15},"end":{"line":6,"column":27}},"1":{"start":{"line":7,"column":15},"end":{"line":7,"column":28}},"2":{"start":{"line":8,"column":15},"end":{"line":8,"column":28}},"3":{"start":{"line":9,"column":15},"end":{"line":9,"column":31}},"4":{"start":{"line":12,"column":8},"end":{"line":12,"column":null}},"5":{"start":{"line":1,"column":0},"end":{"line":1,"column":13}}},"fnMap":{"0":{"name":"(anonymous_0)","decl":{"start":{"line":4,"column":4},"end":{"line":4,"column":null}},"loc":{"start":{"line":9,"column":31},"end":{"line":13,"column":5}}}},"branchMap":{},"s":{"0":1,"1":1,"2":1,"3":1,"4":1,"5":1},"f":{"0":1},"b":{}}
,"C:\\Users\\Daniel\\Desktop\\Aprofunda\\Eduarda\\src\\core\\usecases\\CreateUser.ts": {"path":"C:\\Users\\Daniel\\Desktop\\Aprofunda\\Eduarda\\src\\core\\usecases\\CreateUser.ts","statementMap":{"0":{"start":{"line":1,"column":0},"end":{"line":1,"column":36}},"1":{"start":{"line":2,"column":0},"end":{"line":2,"column":40}},"2":{"start":{"line":13,"column":4},"end":{"line":19,"column":6}},"3":{"start":{"line":11,"column":0},"end":{"line":11,"column":13}}},"fnMap":{"0":{"name":"(anonymous_0)","decl":{"start":{"line":12,"column":2},"end":{"line":12,"column":9}},"loc":{"start":{"line":12,"column":32},"end":{"line":20,"column":3}}}},"branchMap":{},"s":{"0":1,"1":1,"2":1,"3":1},"f":{"0":1},"b":{}}
}
